<?xml version="1.0" encoding="UTF-8"?>
<!-- Generated by org.testng.reporters.JUnitXMLReporter -->
<testsuite ignored="0" hostname="LAPTOP-DUJFBR3O" failures="0" tests="3" name="Internet Explorer on Windows 10" time="0.021" errors="0" timestamp="2024-12-08T11:16:45 IST">
  <testcase classname="LT_TestNg_Project.TestScenarios.LambdaTestCertifications" name="testScenario1" time="0.002">
    <skipped/>
  </testcase> <!-- testScenario1 -->
  <testcase classname="LT_TestNg_Project.TestScenarios.LambdaTestCertifications" name="testScenario2" time="0.001">
    <skipped/>
  </testcase> <!-- testScenario2 -->
  <testcase classname="LT_TestNg_Project.TestScenarios.LambdaTestCertifications" name="testScenario3" time="0.0">
    <skipped/>
  </testcase> <!-- testScenario3 -->
</testsuite> <!-- Internet Explorer on Windows 10 -->
