<?xml version="1.0" encoding="UTF-8"?>
<!-- Generated by org.testng.reporters.JUnitXMLReporter -->
<testsuite ignored="0" hostname="LAPTOP-DUJFBR3O" failures="1" tests="3" name="Safari on macOS Catalina" time="63.135" errors="0" timestamp="2024-12-08T13:33:32 IST">
  <testcase classname="LT_TestNg_Project.TestScenarios.LambdaTestCertifications_Selenium" name="testDragAndDropSlider" time="0.094">
    <failure type="org.openqa.selenium.TimeoutException" message="Unable to find the session info for particular sessionId null, maybe session has quit already or timed out. (WARNING: The server did not provide any stacktrace information)
Command duration or timeout: 91 milliseconds
Build info: version: &amp;apos;2.52.0&amp;apos;, revision: &amp;apos;4c2593cfc3689a7fcd7be52549167e5ccc93ad28&amp;apos;, time: &amp;apos;2016-02-11 11:22:43&amp;apos;
System info: host: &amp;apos;LAPTOP-DUJFBR3O&amp;apos;, ip: &amp;apos;172.23.208.1&amp;apos;, os.name: &amp;apos;Windows 11&amp;apos;, os.arch: &amp;apos;amd64&amp;apos;, os.version: &amp;apos;10.0&amp;apos;, java.version: &amp;apos;21.0.1&amp;apos;
Driver info: org.openqa.selenium.remote.RemoteWebDriver
Capabilities [{capabilities={safari:diagnose=false, strictFileInteractability=false, safari:automaticProfiling=false, safari:platformBuildVersion=19G2021, acceptInsecureCerts=false, browserVersion=13.1.2, safari:useSimulator=false, webkit:WebRTC={DisableICECandidateFiltering=false, DisableInsecureMediaCapture=false}, safari:platformVersion=10.15.6, browserName=Safari, safari:automaticInspection=false, platformName=macOS, setWindowRect=true}, sessionId=264A2EED-03CD-41C0-A56C-BFE01E174D5F, platform=ANY}]
Session ID: null">
      <![CDATA[org.openqa.selenium.TimeoutException: Unable to find the session info for particular sessionId null, maybe session has quit already or timed out. (WARNING: The server did not provide any stacktrace information)
Command duration or timeout: 91 milliseconds
Build info: version: '2.52.0', revision: '4c2593cfc3689a7fcd7be52549167e5ccc93ad28', time: '2016-02-11 11:22:43'
System info: host: 'LAPTOP-DUJFBR3O', ip: '172.23.208.1', os.name: 'Windows 11', os.arch: 'amd64', os.version: '10.0', java.version: '21.0.1'
Driver info: org.openqa.selenium.remote.RemoteWebDriver
Capabilities [{capabilities={safari:diagnose=false, strictFileInteractability=false, safari:automaticProfiling=false, safari:platformBuildVersion=19G2021, acceptInsecureCerts=false, browserVersion=13.1.2, safari:useSimulator=false, webkit:WebRTC={DisableICECandidateFiltering=false, DisableInsecureMediaCapture=false}, safari:platformVersion=10.15.6, browserName=Safari, safari:automaticInspection=false, platformName=macOS, setWindowRect=true}, sessionId=264A2EED-03CD-41C0-A56C-BFE01E174D5F, platform=ANY}]
Session ID: null
at org.openqa.selenium.remote.ErrorHandler.createThrowable(ErrorHandler.java:206)
at org.openqa.selenium.remote.ErrorHandler.throwIfResponseFailed(ErrorHandler.java:158)
at org.openqa.selenium.remote.RemoteWebDriver.execute(RemoteWebDriver.java:678)
at org.openqa.selenium.remote.RemoteWebDriver.get(RemoteWebDriver.java:316)
at LT_TestNg_Project.TestScenarios.LambdaTestCertifications_Selenium.testDragAndDropSlider(LambdaTestCertifications_Selenium.java:80)
at java.base/java.util.ArrayList.forEach(ArrayList.java:1596)
at java.base/java.util.concurrent.FutureTask.run(FutureTask.java:317)
at java.base/java.util.concurrent.ThreadPoolExecutor.runWorker(ThreadPoolExecutor.java:1144)
at java.base/java.util.concurrent.ThreadPoolExecutor$Worker.run(ThreadPoolExecutor.java:642)
at java.base/java.lang.Thread.run(Thread.java:1583)
... Removed 18 stack frames]]>
    </failure>
  </testcase> <!-- testDragAndDropSlider -->
  <testcase classname="LT_TestNg_Project.TestScenarios.LambdaTestCertifications_Selenium" name="testInputFormSubmit" time="0.0">
    <skipped/>
  </testcase> <!-- testInputFormSubmit -->
  <testcase classname="LT_TestNg_Project.TestScenarios.LambdaTestCertifications_Selenium" name="testSimpleFormDemo" time="0.0">
    <skipped/>
  </testcase> <!-- testSimpleFormDemo -->
</testsuite> <!-- Safari on macOS Catalina -->
