<?xml version="1.0" encoding="UTF-8"?>
<!-- Generated by org.testng.reporters.JUnitXMLReporter -->
<testsuite ignored="0" hostname="LAPTOP-DUJFBR3O" failures="0" tests="3" name="Safari on macOS Catalina" time="30.485" errors="0" timestamp="2024-12-09T10:07:55 IST">
  <testcase classname="selenium_LT.LambdaTestCertifications_Selenium" name="testSimpleFormDemo" time="0.0">
    <skipped/>
  </testcase> <!-- testSimpleFormDemo -->
  <testcase classname="selenium_LT.LambdaTestCertifications_Selenium" name="testDragAndDropSlider" time="0.0">
    <skipped/>
  </testcase> <!-- testDragAndDropSlider -->
  <testcase classname="selenium_LT.LambdaTestCertifications_Selenium" name="testInputFormSubmit" time="0.001">
    <skipped/>
  </testcase> <!-- testInputFormSubmit -->
</testsuite> <!-- Safari on macOS Catalina -->
