<?xml version="1.0" encoding="UTF-8"?>
<!-- Generated by org.testng.reporters.JUnitXMLReporter -->
<testsuite ignored="0" hostname="LAPTOP-DUJFBR3O" failures="0" tests="3" name="Safari on macOS Catalina" time="18.404" errors="0" timestamp="2024-12-08T13:49:44 IST">
  <testcase classname="LT_TestNg_Project.TestScenarios.LambdaTestCertifications_Selenium" name="testDragAndDropSlider" time="0.0">
    <skipped/>
  </testcase> <!-- testDragAndDropSlider -->
  <testcase classname="LT_TestNg_Project.TestScenarios.LambdaTestCertifications_Selenium" name="testInputFormSubmit" time="0.0">
    <skipped/>
  </testcase> <!-- testInputFormSubmit -->
  <testcase classname="LT_TestNg_Project.TestScenarios.LambdaTestCertifications_Selenium" name="testSimpleFormDemo" time="0.0">
    <skipped/>
  </testcase> <!-- testSimpleFormDemo -->
</testsuite> <!-- Safari on macOS Catalina -->
